2025-09-24T13:39:26.521+05:30  INFO 11312 --- [ecommerce] [restartedMain] c.c.ecommerce.EcommerceApplication       : Starting EcommerceApplication using Java 21 with PID 11312 (C:\Users\2440657\OneDrive - Cognizant\Desktop\E-Commerce\Backend\target\classes started by 2440657 in C:\Users\2440657\OneDrive - Cognizant\Desktop\E-Commerce\Backend)
2025-09-24T13:39:26.530+05:30 DEBUG 11312 --- [ecommerce] [restartedMain] c.c.ecommerce.EcommerceApplication       : Running with Spring Boot v3.3.1, Spring v6.1.10
2025-09-24T13:39:26.530+05:30  INFO 11312 --- [ecommerce] [restartedMain] c.c.ecommerce.EcommerceApplication       : No active profile set, falling back to 1 default profile: "default"
2025-09-24T13:39:26.587+05:30  INFO 11312 --- [ecommerce] [restartedMain] .e.DevToolsPropertyDefaultsPostProcessor : Devtools property defaults active! Set 'spring.devtools.add-properties' to 'false' to disable
2025-09-24T13:39:26.587+05:30  INFO 11312 --- [ecommerce] [restartedMain] .e.DevToolsPropertyDefaultsPostProcessor : For additional web related logging consider setting the 'logging.level.web' property to 'DEBUG'
2025-09-24T13:39:27.790+05:30  INFO 11312 --- [ecommerce] [restartedMain] .s.d.r.c.RepositoryConfigurationDelegate : Bootstrapping Spring Data JPA repositories in DEFAULT mode.
2025-09-24T13:39:27.938+05:30  INFO 11312 --- [ecommerce] [restartedMain] .s.d.r.c.RepositoryConfigurationDelegate : Finished Spring Data repository scanning in 134 ms. Found 12 JPA repository interfaces.
2025-09-24T13:39:29.017+05:30  INFO 11312 --- [ecommerce] [restartedMain] o.s.b.w.embedded.tomcat.TomcatWebServer  : Tomcat initialized with port 8080 (http)
2025-09-24T13:39:29.039+05:30  INFO 11312 --- [ecommerce] [restartedMain] o.apache.catalina.core.StandardService   : Starting service [Tomcat]
2025-09-24T13:39:29.039+05:30  INFO 11312 --- [ecommerce] [restartedMain] o.apache.catalina.core.StandardEngine    : Starting Servlet engine: [Apache Tomcat/10.1.25]
2025-09-24T13:39:29.106+05:30  INFO 11312 --- [ecommerce] [restartedMain] o.a.c.c.C.[Tomcat].[localhost].[/]       : Initializing Spring embedded WebApplicationContext
2025-09-24T13:39:29.106+05:30  INFO 11312 --- [ecommerce] [restartedMain] w.s.c.ServletWebServerApplicationContext : Root WebApplicationContext: initialization completed in 2519 ms
2025-09-24T13:39:29.308+05:30  INFO 11312 --- [ecommerce] [restartedMain] o.hibernate.jpa.internal.util.LogHelper  : HHH000204: Processing PersistenceUnitInfo [name: default]
2025-09-24T13:39:29.416+05:30  INFO 11312 --- [ecommerce] [restartedMain] org.hibernate.Version                    : HHH000412: Hibernate ORM core version 6.5.2.Final
2025-09-24T13:39:29.485+05:30  INFO 11312 --- [ecommerce] [restartedMain] o.h.c.internal.RegionFactoryInitiator    : HHH000026: Second-level cache disabled
2025-09-24T13:39:29.823+05:30  INFO 11312 --- [ecommerce] [restartedMain] o.s.o.j.p.SpringPersistenceUnitInfo      : No LoadTimeWeaver setup: ignoring JPA class transformer
2025-09-24T13:39:29.849+05:30  INFO 11312 --- [ecommerce] [restartedMain] com.zaxxer.hikari.HikariDataSource       : HikariPool-1 - Starting...
2025-09-24T13:39:30.127+05:30  INFO 11312 --- [ecommerce] [restartedMain] com.zaxxer.hikari.pool.HikariPool        : HikariPool-1 - Added connection com.mysql.cj.jdbc.ConnectionImpl@59faee55
2025-09-24T13:39:30.127+05:30  INFO 11312 --- [ecommerce] [restartedMain] com.zaxxer.hikari.HikariDataSource       : HikariPool-1 - Start completed.
2025-09-24T13:39:31.185+05:30  INFO 11312 --- [ecommerce] [restartedMain] o.h.e.t.j.p.i.JtaPlatformInitiator       : HHH000489: No JTA platform available (set 'hibernate.transaction.jta.platform' to enable JTA platform integration)
2025-09-24T13:39:31.336+05:30  INFO 11312 --- [ecommerce] [restartedMain] j.LocalContainerEntityManagerFactoryBean : Initialized JPA EntityManagerFactory for persistence unit 'default'
2025-09-24T13:39:31.911+05:30 DEBUG 11312 --- [ecommerce] [restartedMain] c.c.ecommerce.config.JwtAuthFilter       : Filter 'jwtAuthFilter' configured for use
2025-09-24T13:39:32.395+05:30  INFO 11312 --- [ecommerce] [restartedMain] eAuthenticationProviderManagerConfigurer : Global AuthenticationManager configured with AuthenticationProvider bean with name authenticationProvider
2025-09-24T13:39:32.395+05:30  WARN 11312 --- [ecommerce] [restartedMain] r$InitializeUserDetailsManagerConfigurer : Global AuthenticationManager configured with an AuthenticationProvider bean. UserDetailsService beans will not be used for username/password login. Consider removing the AuthenticationProvider bean. Alternatively, consider using the UserDetailsService in a manually instantiated DaoAuthenticationProvider.
2025-09-24T13:39:32.585+05:30  WARN 11312 --- [ecommerce] [restartedMain] JpaBaseConfiguration$JpaWebConfiguration : spring.jpa.open-in-view is enabled by default. Therefore, database queries may be performed during view rendering. Explicitly configure spring.jpa.open-in-view to disable this warning
2025-09-24T13:39:33.467+05:30  INFO 11312 --- [ecommerce] [restartedMain] o.s.b.d.a.OptionalLiveReloadServer       : LiveReload server is running on port 35729
2025-09-24T13:39:33.521+05:30  INFO 11312 --- [ecommerce] [restartedMain] o.s.b.w.embedded.tomcat.TomcatWebServer  : Tomcat started on port 8080 (http) with context path '/'
2025-09-24T13:39:33.534+05:30  INFO 11312 --- [ecommerce] [restartedMain] c.c.ecommerce.EcommerceApplication       : Started EcommerceApplication in 7.507 seconds (process running for 8.083)
2025-09-24T13:39:51.322+05:30  INFO 11312 --- [ecommerce] [SpringApplicationShutdownHook] j.LocalContainerEntityManagerFactoryBean : Closing JPA EntityManagerFactory for persistence unit 'default'
2025-09-24T13:39:51.327+05:30  INFO 11312 --- [ecommerce] [SpringApplicationShutdownHook] com.zaxxer.hikari.HikariDataSource       : HikariPool-1 - Shutdown initiated...
2025-09-24T13:39:51.327+05:30  INFO 11312 --- [ecommerce] [SpringApplicationShutdownHook] com.zaxxer.hikari.HikariDataSource       : HikariPool-1 - Shutdown completed.
2025-09-24T14:34:38.317+05:30  INFO 25340 --- [ecommerce] [restartedMain] c.c.ecommerce.EcommerceApplication       : Starting EcommerceApplication using Java 21 with PID 25340 (C:\Users\2440657\OneDrive - Cognizant\Desktop\E-Commerce\Backend\target\classes started by 2440657 in C:\Users\2440657\OneDrive - Cognizant\Desktop\E-Commerce\Backend)
2025-09-24T14:34:38.320+05:30 DEBUG 25340 --- [ecommerce] [restartedMain] c.c.ecommerce.EcommerceApplication       : Running with Spring Boot v3.3.1, Spring v6.1.10
2025-09-24T14:34:38.321+05:30  INFO 25340 --- [ecommerce] [restartedMain] c.c.ecommerce.EcommerceApplication       : No active profile set, falling back to 1 default profile: "default"
2025-09-24T14:34:38.381+05:30  INFO 25340 --- [ecommerce] [restartedMain] .e.DevToolsPropertyDefaultsPostProcessor : Devtools property defaults active! Set 'spring.devtools.add-properties' to 'false' to disable
2025-09-24T14:34:38.381+05:30  INFO 25340 --- [ecommerce] [restartedMain] .e.DevToolsPropertyDefaultsPostProcessor : For additional web related logging consider setting the 'logging.level.web' property to 'DEBUG'
2025-09-24T14:34:39.576+05:30  INFO 25340 --- [ecommerce] [restartedMain] .s.d.r.c.RepositoryConfigurationDelegate : Bootstrapping Spring Data JPA repositories in DEFAULT mode.
2025-09-24T14:34:39.715+05:30  INFO 25340 --- [ecommerce] [restartedMain] .s.d.r.c.RepositoryConfigurationDelegate : Finished Spring Data repository scanning in 128 ms. Found 12 JPA repository interfaces.
2025-09-24T14:34:40.674+05:30  INFO 25340 --- [ecommerce] [restartedMain] o.s.b.w.embedded.tomcat.TomcatWebServer  : Tomcat initialized with port 8080 (http)
2025-09-24T14:34:40.695+05:30  INFO 25340 --- [ecommerce] [restartedMain] o.apache.catalina.core.StandardService   : Starting service [Tomcat]
2025-09-24T14:34:40.695+05:30  INFO 25340 --- [ecommerce] [restartedMain] o.apache.catalina.core.StandardEngine    : Starting Servlet engine: [Apache Tomcat/10.1.25]
2025-09-24T14:34:40.762+05:30  INFO 25340 --- [ecommerce] [restartedMain] o.a.c.c.C.[Tomcat].[localhost].[/]       : Initializing Spring embedded WebApplicationContext
2025-09-24T14:34:40.762+05:30  INFO 25340 --- [ecommerce] [restartedMain] w.s.c.ServletWebServerApplicationContext : Root WebApplicationContext: initialization completed in 2380 ms
2025-09-24T14:34:40.942+05:30  INFO 25340 --- [ecommerce] [restartedMain] o.hibernate.jpa.internal.util.LogHelper  : HHH000204: Processing PersistenceUnitInfo [name: default]
2025-09-24T14:34:41.059+05:30  INFO 25340 --- [ecommerce] [restartedMain] org.hibernate.Version                    : HHH000412: Hibernate ORM core version 6.5.2.Final
2025-09-24T14:34:41.101+05:30  INFO 25340 --- [ecommerce] [restartedMain] o.h.c.internal.RegionFactoryInitiator    : HHH000026: Second-level cache disabled
2025-09-24T14:34:41.427+05:30  INFO 25340 --- [ecommerce] [restartedMain] o.s.o.j.p.SpringPersistenceUnitInfo      : No LoadTimeWeaver setup: ignoring JPA class transformer
2025-09-24T14:34:41.446+05:30  INFO 25340 --- [ecommerce] [restartedMain] com.zaxxer.hikari.HikariDataSource       : HikariPool-1 - Starting...
2025-09-24T14:34:41.737+05:30  INFO 25340 --- [ecommerce] [restartedMain] com.zaxxer.hikari.pool.HikariPool        : HikariPool-1 - Added connection com.mysql.cj.jdbc.ConnectionImpl@4805d8c4
2025-09-24T14:34:41.740+05:30  INFO 25340 --- [ecommerce] [restartedMain] com.zaxxer.hikari.HikariDataSource       : HikariPool-1 - Start completed.
2025-09-24T14:34:43.013+05:30  INFO 25340 --- [ecommerce] [restartedMain] o.h.e.t.j.p.i.JtaPlatformInitiator       : HHH000489: No JTA platform available (set 'hibernate.transaction.jta.platform' to enable JTA platform integration)
2025-09-24T14:34:43.148+05:30  INFO 25340 --- [ecommerce] [restartedMain] j.LocalContainerEntityManagerFactoryBean : Initialized JPA EntityManagerFactory for persistence unit 'default'
2025-09-24T14:34:43.598+05:30 DEBUG 25340 --- [ecommerce] [restartedMain] c.c.ecommerce.config.JwtAuthFilter       : Filter 'jwtAuthFilter' configured for use
2025-09-24T14:34:44.048+05:30  INFO 25340 --- [ecommerce] [restartedMain] eAuthenticationProviderManagerConfigurer : Global AuthenticationManager configured with AuthenticationProvider bean with name authenticationProvider
2025-09-24T14:34:44.049+05:30  WARN 25340 --- [ecommerce] [restartedMain] r$InitializeUserDetailsManagerConfigurer : Global AuthenticationManager configured with an AuthenticationProvider bean. UserDetailsService beans will not be used for username/password login. Consider removing the AuthenticationProvider bean. Alternatively, consider using the UserDetailsService in a manually instantiated DaoAuthenticationProvider.
2025-09-24T14:34:44.204+05:30  WARN 25340 --- [ecommerce] [restartedMain] JpaBaseConfiguration$JpaWebConfiguration : spring.jpa.open-in-view is enabled by default. Therefore, database queries may be performed during view rendering. Explicitly configure spring.jpa.open-in-view to disable this warning
2025-09-24T14:34:45.131+05:30  INFO 25340 --- [ecommerce] [restartedMain] o.s.b.d.a.OptionalLiveReloadServer       : LiveReload server is running on port 35729
2025-09-24T14:34:45.190+05:30  INFO 25340 --- [ecommerce] [restartedMain] o.s.b.w.embedded.tomcat.TomcatWebServer  : Tomcat started on port 8080 (http) with context path '/'
2025-09-24T14:34:45.200+05:30  INFO 25340 --- [ecommerce] [restartedMain] c.c.ecommerce.EcommerceApplication       : Started EcommerceApplication in 7.5 seconds (process running for 8.047)
2025-09-24T14:35:37.665+05:30  INFO 25340 --- [ecommerce] [SpringApplicationShutdownHook] j.LocalContainerEntityManagerFactoryBean : Closing JPA EntityManagerFactory for persistence unit 'default'
2025-09-24T14:35:37.668+05:30  INFO 25340 --- [ecommerce] [SpringApplicationShutdownHook] com.zaxxer.hikari.HikariDataSource       : HikariPool-1 - Shutdown initiated...
2025-09-24T14:35:37.675+05:30  INFO 25340 --- [ecommerce] [SpringApplicationShutdownHook] com.zaxxer.hikari.HikariDataSource       : HikariPool-1 - Shutdown completed.
