2025-09-16T13:58:56.365+05:30  INFO 34068 --- [ecommerce] [restartedMain] c.c.ecommerce.EcommerceApplication       : Starting EcommerceApplication using Java 21 with PID 34068 (C:\Users\2440657\OneDrive - Cognizant\Desktop\Ecommerce Merge\ISG25JFA003_E-Commerce\Backend\target\classes started by 2440657 in C:\Users\2440657\OneDrive - Cognizant\Desktop\Ecommerce Merge\ISG25JFA003_E-Commerce)
2025-09-16T13:58:56.369+05:30 DEBUG 34068 --- [ecommerce] [restartedMain] c.c.ecommerce.EcommerceApplication       : Running with Spring Boot v3.5.5, Spring v6.2.10
2025-09-16T13:58:56.371+05:30  INFO 34068 --- [ecommerce] [restartedMain] c.c.ecommerce.EcommerceApplication       : No active profile set, falling back to 1 default profile: "default"
2025-09-16T13:58:56.469+05:30  INFO 34068 --- [ecommerce] [restartedMain] .e.DevToolsPropertyDefaultsPostProcessor : Devtools property defaults active! Set 'spring.devtools.add-properties' to 'false' to disable
2025-09-16T13:58:56.469+05:30  INFO 34068 --- [ecommerce] [restartedMain] .e.DevToolsPropertyDefaultsPostProcessor : For additional web related logging consider setting the 'logging.level.web' property to 'DEBUG'
2025-09-16T13:58:57.817+05:30  INFO 34068 --- [ecommerce] [restartedMain] .s.d.r.c.RepositoryConfigurationDelegate : Bootstrapping Spring Data JPA repositories in DEFAULT mode.
2025-09-16T13:58:57.953+05:30  INFO 34068 --- [ecommerce] [restartedMain] .s.d.r.c.RepositoryConfigurationDelegate : Finished Spring Data repository scanning in 113 ms. Found 12 JPA repository interfaces.
2025-09-16T13:58:58.978+05:30  INFO 34068 --- [ecommerce] [restartedMain] o.s.b.w.embedded.tomcat.TomcatWebServer  : Tomcat initialized with port 8080 (http)
2025-09-16T13:58:59.013+05:30  INFO 34068 --- [ecommerce] [restartedMain] o.apache.catalina.core.StandardService   : Starting service [Tomcat]
2025-09-16T13:58:59.014+05:30  INFO 34068 --- [ecommerce] [restartedMain] o.apache.catalina.core.StandardEngine    : Starting Servlet engine: [Apache Tomcat/10.1.44]
2025-09-16T13:58:59.123+05:30  INFO 34068 --- [ecommerce] [restartedMain] o.a.c.c.C.[Tomcat].[localhost].[/]       : Initializing Spring embedded WebApplicationContext
2025-09-16T13:58:59.124+05:30  INFO 34068 --- [ecommerce] [restartedMain] w.s.c.ServletWebServerApplicationContext : Root WebApplicationContext: initialization completed in 2651 ms
2025-09-16T13:58:59.530+05:30  INFO 34068 --- [ecommerce] [restartedMain] o.hibernate.jpa.internal.util.LogHelper  : HHH000204: Processing PersistenceUnitInfo [name: default]
2025-09-16T13:58:59.705+05:30  INFO 34068 --- [ecommerce] [restartedMain] org.hibernate.Version                    : HHH000412: Hibernate ORM core version 6.6.26.Final
2025-09-16T13:58:59.758+05:30  INFO 34068 --- [ecommerce] [restartedMain] o.h.c.internal.RegionFactoryInitiator    : HHH000026: Second-level cache disabled
2025-09-16T13:59:00.175+05:30  INFO 34068 --- [ecommerce] [restartedMain] o.s.o.j.p.SpringPersistenceUnitInfo      : No LoadTimeWeaver setup: ignoring JPA class transformer
2025-09-16T13:59:00.214+05:30  INFO 34068 --- [ecommerce] [restartedMain] com.zaxxer.hikari.HikariDataSource       : HikariPool-1 - Starting...
2025-09-16T13:59:00.764+05:30  INFO 34068 --- [ecommerce] [restartedMain] com.zaxxer.hikari.pool.HikariPool        : HikariPool-1 - Added connection com.mysql.cj.jdbc.ConnectionImpl@18c970a4
2025-09-16T13:59:00.768+05:30  INFO 34068 --- [ecommerce] [restartedMain] com.zaxxer.hikari.HikariDataSource       : HikariPool-1 - Start completed.
2025-09-16T13:59:00.913+05:30  INFO 34068 --- [ecommerce] [restartedMain] org.hibernate.orm.connections.pooling    : HHH10001005: Database info:
	Database JDBC URL [Connecting through datasource 'HikariDataSource (HikariPool-1)']
	Database driver: undefined/unknown
	Database version: 8.0.42
	Autocommit mode: undefined/unknown
	Isolation level: undefined/unknown
	Minimum pool size: undefined/unknown
	Maximum pool size: undefined/unknown
2025-09-16T13:59:02.189+05:30  INFO 34068 --- [ecommerce] [restartedMain] o.h.e.t.j.p.i.JtaPlatformInitiator       : HHH000489: No JTA platform available (set 'hibernate.transaction.jta.platform' to enable JTA platform integration)
2025-09-16T13:59:02.378+05:30  INFO 34068 --- [ecommerce] [restartedMain] j.LocalContainerEntityManagerFactoryBean : Initialized JPA EntityManagerFactory for persistence unit 'default'
2025-09-16T13:59:03.324+05:30  WARN 34068 --- [ecommerce] [restartedMain] JpaBaseConfiguration$JpaWebConfiguration : spring.jpa.open-in-view is enabled by default. Therefore, database queries may be performed during view rendering. Explicitly configure spring.jpa.open-in-view to disable this warning
2025-09-16T13:59:04.139+05:30  INFO 34068 --- [ecommerce] [restartedMain] o.s.b.d.a.OptionalLiveReloadServer       : LiveReload server is running on port 35729
2025-09-16T13:59:04.196+05:30  INFO 34068 --- [ecommerce] [restartedMain] o.s.b.w.embedded.tomcat.TomcatWebServer  : Tomcat started on port 8080 (http) with context path '/'
2025-09-16T13:59:04.212+05:30  INFO 34068 --- [ecommerce] [restartedMain] c.c.ecommerce.EcommerceApplication       : Started EcommerceApplication in 8.577 seconds (process running for 9.36)
2025-09-16T13:59:23.821+05:30  INFO 34068 --- [ecommerce] [SpringApplicationShutdownHook] o.s.b.w.e.tomcat.GracefulShutdown        : Commencing graceful shutdown. Waiting for active requests to complete
2025-09-16T13:59:23.833+05:30  INFO 34068 --- [ecommerce] [tomcat-shutdown] o.s.b.w.e.tomcat.GracefulShutdown        : Graceful shutdown complete
2025-09-16T13:59:23.836+05:30  INFO 34068 --- [ecommerce] [SpringApplicationShutdownHook] j.LocalContainerEntityManagerFactoryBean : Closing JPA EntityManagerFactory for persistence unit 'default'
2025-09-16T13:59:23.840+05:30  INFO 34068 --- [ecommerce] [SpringApplicationShutdownHook] com.zaxxer.hikari.HikariDataSource       : HikariPool-1 - Shutdown initiated...
2025-09-16T13:59:23.850+05:30  INFO 34068 --- [ecommerce] [SpringApplicationShutdownHook] com.zaxxer.hikari.HikariDataSource       : HikariPool-1 - Shutdown completed.
2025-09-16T13:59:47.531+05:30  INFO 14852 --- [ecommerce] [restartedMain] c.c.ecommerce.EcommerceApplication       : Starting EcommerceApplication using Java 21 with PID 14852 (C:\Users\2440657\OneDrive - Cognizant\Desktop\Ecommerce Merge\ISG25JFA003_E-Commerce\Backend\target\classes started by 2440657 in C:\Users\2440657\OneDrive - Cognizant\Desktop\Ecommerce Merge\ISG25JFA003_E-Commerce)
2025-09-16T13:59:47.537+05:30 DEBUG 14852 --- [ecommerce] [restartedMain] c.c.ecommerce.EcommerceApplication       : Running with Spring Boot v3.5.5, Spring v6.2.10
2025-09-16T13:59:47.539+05:30  INFO 14852 --- [ecommerce] [restartedMain] c.c.ecommerce.EcommerceApplication       : No active profile set, falling back to 1 default profile: "default"
2025-09-16T13:59:47.639+05:30  INFO 14852 --- [ecommerce] [restartedMain] .e.DevToolsPropertyDefaultsPostProcessor : Devtools property defaults active! Set 'spring.devtools.add-properties' to 'false' to disable
2025-09-16T13:59:47.639+05:30  INFO 14852 --- [ecommerce] [restartedMain] .e.DevToolsPropertyDefaultsPostProcessor : For additional web related logging consider setting the 'logging.level.web' property to 'DEBUG'
2025-09-16T13:59:49.190+05:30  INFO 14852 --- [ecommerce] [restartedMain] .s.d.r.c.RepositoryConfigurationDelegate : Bootstrapping Spring Data JPA repositories in DEFAULT mode.
2025-09-16T13:59:49.407+05:30  INFO 14852 --- [ecommerce] [restartedMain] .s.d.r.c.RepositoryConfigurationDelegate : Finished Spring Data repository scanning in 192 ms. Found 12 JPA repository interfaces.
2025-09-16T13:59:50.768+05:30  INFO 14852 --- [ecommerce] [restartedMain] o.s.b.w.embedded.tomcat.TomcatWebServer  : Tomcat initialized with port 8080 (http)
2025-09-16T13:59:50.803+05:30  INFO 14852 --- [ecommerce] [restartedMain] o.apache.catalina.core.StandardService   : Starting service [Tomcat]
2025-09-16T13:59:50.804+05:30  INFO 14852 --- [ecommerce] [restartedMain] o.apache.catalina.core.StandardEngine    : Starting Servlet engine: [Apache Tomcat/10.1.44]
2025-09-16T13:59:50.926+05:30  INFO 14852 --- [ecommerce] [restartedMain] o.a.c.c.C.[Tomcat].[localhost].[/]       : Initializing Spring embedded WebApplicationContext
2025-09-16T13:59:50.927+05:30  INFO 14852 --- [ecommerce] [restartedMain] w.s.c.ServletWebServerApplicationContext : Root WebApplicationContext: initialization completed in 3286 ms
2025-09-16T13:59:51.333+05:30  INFO 14852 --- [ecommerce] [restartedMain] o.hibernate.jpa.internal.util.LogHelper  : HHH000204: Processing PersistenceUnitInfo [name: default]
2025-09-16T13:59:51.424+05:30  INFO 14852 --- [ecommerce] [restartedMain] org.hibernate.Version                    : HHH000412: Hibernate ORM core version 6.6.26.Final
2025-09-16T13:59:51.482+05:30  INFO 14852 --- [ecommerce] [restartedMain] o.h.c.internal.RegionFactoryInitiator    : HHH000026: Second-level cache disabled
2025-09-16T13:59:52.077+05:30  INFO 14852 --- [ecommerce] [restartedMain] o.s.o.j.p.SpringPersistenceUnitInfo      : No LoadTimeWeaver setup: ignoring JPA class transformer
2025-09-16T13:59:52.128+05:30  INFO 14852 --- [ecommerce] [restartedMain] com.zaxxer.hikari.HikariDataSource       : HikariPool-1 - Starting...
2025-09-16T13:59:52.601+05:30  INFO 14852 --- [ecommerce] [restartedMain] com.zaxxer.hikari.pool.HikariPool        : HikariPool-1 - Added connection com.mysql.cj.jdbc.ConnectionImpl@280d6eff
2025-09-16T13:59:52.606+05:30  INFO 14852 --- [ecommerce] [restartedMain] com.zaxxer.hikari.HikariDataSource       : HikariPool-1 - Start completed.
2025-09-16T13:59:52.804+05:30  INFO 14852 --- [ecommerce] [restartedMain] org.hibernate.orm.connections.pooling    : HHH10001005: Database info:
	Database JDBC URL [Connecting through datasource 'HikariDataSource (HikariPool-1)']
	Database driver: undefined/unknown
	Database version: 8.0.42
	Autocommit mode: undefined/unknown
	Isolation level: undefined/unknown
	Minimum pool size: undefined/unknown
	Maximum pool size: undefined/unknown
2025-09-16T13:59:55.078+05:30  INFO 14852 --- [ecommerce] [restartedMain] o.h.e.t.j.p.i.JtaPlatformInitiator       : HHH000489: No JTA platform available (set 'hibernate.transaction.jta.platform' to enable JTA platform integration)
2025-09-16T13:59:55.397+05:30  INFO 14852 --- [ecommerce] [restartedMain] j.LocalContainerEntityManagerFactoryBean : Initialized JPA EntityManagerFactory for persistence unit 'default'
2025-09-16T13:59:56.701+05:30  WARN 14852 --- [ecommerce] [restartedMain] JpaBaseConfiguration$JpaWebConfiguration : spring.jpa.open-in-view is enabled by default. Therefore, database queries may be performed during view rendering. Explicitly configure spring.jpa.open-in-view to disable this warning
2025-09-16T13:59:57.574+05:30  INFO 14852 --- [ecommerce] [restartedMain] o.s.b.d.a.OptionalLiveReloadServer       : LiveReload server is running on port 35729
2025-09-16T13:59:57.632+05:30  INFO 14852 --- [ecommerce] [restartedMain] o.s.b.w.embedded.tomcat.TomcatWebServer  : Tomcat started on port 8080 (http) with context path '/'
2025-09-16T13:59:57.646+05:30  INFO 14852 --- [ecommerce] [restartedMain] c.c.ecommerce.EcommerceApplication       : Started EcommerceApplication in 11.099 seconds (process running for 11.925)
2025-09-16T16:08:29.921+05:30  INFO 14852 --- [ecommerce] [SpringApplicationShutdownHook] o.s.b.w.e.tomcat.GracefulShutdown        : Commencing graceful shutdown. Waiting for active requests to complete
2025-09-16T16:08:30.161+05:30  INFO 14852 --- [ecommerce] [tomcat-shutdown] o.s.b.w.e.tomcat.GracefulShutdown        : Graceful shutdown complete
2025-09-16T16:08:30.337+05:30  INFO 14852 --- [ecommerce] [SpringApplicationShutdownHook] j.LocalContainerEntityManagerFactoryBean : Closing JPA EntityManagerFactory for persistence unit 'default'
2025-09-16T16:08:30.456+05:30  INFO 14852 --- [ecommerce] [SpringApplicationShutdownHook] com.zaxxer.hikari.HikariDataSource       : HikariPool-1 - Shutdown initiated...
2025-09-16T16:08:30.487+05:30  INFO 14852 --- [ecommerce] [SpringApplicationShutdownHook] com.zaxxer.hikari.HikariDataSource       : HikariPool-1 - Shutdown completed.
